[debug] [2025-05-14T00:45:13.569Z] ----------------------------------------------------------------------
[debug] [2025-05-14T00:45:13.571Z] Command:       C:\Program Files\nodejs\node.exe C:\Users\TobyE\AppData\Roaming\npm\node_modules\firebase-tools\lib\bin\firebase.js deploy --only hosting --debug
[debug] [2025-05-14T00:45:13.572Z] CLI Version:   14.3.1
[debug] [2025-05-14T00:45:13.572Z] Platform:      win32
[debug] [2025-05-14T00:45:13.572Z] Node Version:  v22.14.0
[debug] [2025-05-14T00:45:13.572Z] Time:          Tue May 13 2025 17:45:13 GMT-0700 (Pacific Daylight Time)
[debug] [2025-05-14T00:45:13.572Z] ----------------------------------------------------------------------
[debug] 
[debug] [2025-05-14T00:45:13.717Z] Object "/hosting/rewrites/0" in "firebase.json" is missing required property: {"missingProperty":"destination"}
[debug] [2025-05-14T00:45:13.718Z] Object "/hosting/rewrites/0" in "firebase.json" is missing required property: {"missingProperty":"function"}
[debug] [2025-05-14T00:45:13.719Z] Object "/hosting/rewrites/0" in "firebase.json" is missing required property: {"missingProperty":"function"}
[debug] [2025-05-14T00:45:13.719Z] Object "/hosting/rewrites/0" in "firebase.json" is missing required property: {"missingProperty":"glob"}
[debug] [2025-05-14T00:45:13.719Z] Object "/hosting/rewrites/0" in "firebase.json" is missing required property: {"missingProperty":"dynamicLinks"}
[debug] [2025-05-14T00:45:13.719Z] Object "/hosting/rewrites/0" in "firebase.json" is missing required property: {"missingProperty":"destination"}
[debug] [2025-05-14T00:45:13.720Z] Object "/hosting/rewrites/0" in "firebase.json" is missing required property: {"missingProperty":"function"}
[debug] [2025-05-14T00:45:13.720Z] Object "/hosting/rewrites/0" in "firebase.json" is missing required property: {"missingProperty":"function"}
[debug] [2025-05-14T00:45:13.720Z] Object "/hosting/rewrites/0" in "firebase.json" is missing required property: {"missingProperty":"run"}
[debug] [2025-05-14T00:45:13.720Z] Object "/hosting/rewrites/0" in "firebase.json" is missing required property: {"missingProperty":"dynamicLinks"}
[debug] [2025-05-14T00:45:13.720Z] Object "/hosting/rewrites/0" in "firebase.json" is missing required property: {"missingProperty":"destination"}
[debug] [2025-05-14T00:45:13.721Z] Object "/hosting/rewrites/0" in "firebase.json" is missing required property: {"missingProperty":"function"}
[debug] [2025-05-14T00:45:13.721Z] Object "/hosting/rewrites/0" in "firebase.json" is missing required property: {"missingProperty":"function"}
[debug] [2025-05-14T00:45:13.721Z] Object "/hosting/rewrites/0" in "firebase.json" is missing required property: {"missingProperty":"regex"}
[debug] [2025-05-14T00:45:13.721Z] Object "/hosting/rewrites/0" in "firebase.json" is missing required property: {"missingProperty":"dynamicLinks"}
[debug] [2025-05-14T00:45:13.721Z] Field "/hosting/rewrites/0" in "firebase.json" is possibly invalid: must match a schema in anyOf
[debug] [2025-05-14T00:45:13.722Z] Field "/hosting" in "firebase.json" is possibly invalid: must be array
[debug] [2025-05-14T00:45:13.722Z] Field "/hosting" in "firebase.json" is possibly invalid: must match a schema in anyOf
[debug] [2025-05-14T00:45:13.725Z] > command requires scopes: ["email","openid","https://www.googleapis.com/auth/cloudplatformprojects.readonly","https://www.googleapis.com/auth/firebase","https://www.googleapis.com/auth/cloud-platform"]
[debug] [2025-05-14T00:45:13.725Z] > authorizing via signed-in user (tobye.prosser@yahoo.com)
[debug] [2025-05-14T00:45:13.725Z] [iam] checking project genconnect-580f2 for permissions ["firebase.projects.get","firebasehosting.sites.update"]
[debug] [2025-05-14T00:45:13.726Z] Checked if tokens are valid: true, expires at: 1747186384953
[debug] [2025-05-14T00:45:13.726Z] Checked if tokens are valid: true, expires at: 1747186384953
[debug] [2025-05-14T00:45:13.727Z] >>> [apiv2][query] POST https://cloudresourcemanager.googleapis.com/v1/projects/genconnect-580f2:testIamPermissions [none]
[debug] [2025-05-14T00:45:13.728Z] >>> [apiv2][(partial)header] POST https://cloudresourcemanager.googleapis.com/v1/projects/genconnect-580f2:testIamPermissions x-goog-quota-user=projects/genconnect-580f2
[debug] [2025-05-14T00:45:13.728Z] >>> [apiv2][body] POST https://cloudresourcemanager.googleapis.com/v1/projects/genconnect-580f2:testIamPermissions {"permissions":["firebase.projects.get","firebasehosting.sites.update"]}
[debug] [2025-05-14T00:45:14.211Z] <<< [apiv2][status] POST https://cloudresourcemanager.googleapis.com/v1/projects/genconnect-580f2:testIamPermissions 200
[debug] [2025-05-14T00:45:14.211Z] <<< [apiv2][body] POST https://cloudresourcemanager.googleapis.com/v1/projects/genconnect-580f2:testIamPermissions {"permissions":["firebase.projects.get","firebasehosting.sites.update"]}
[debug] [2025-05-14T00:45:14.212Z] Checked if tokens are valid: true, expires at: 1747186384953
[debug] [2025-05-14T00:45:14.212Z] Checked if tokens are valid: true, expires at: 1747186384953
[debug] [2025-05-14T00:45:14.213Z] >>> [apiv2][query] GET https://firebase.googleapis.com/v1beta1/projects/genconnect-580f2 [none]
[debug] [2025-05-14T00:45:14.992Z] <<< [apiv2][status] GET https://firebase.googleapis.com/v1beta1/projects/genconnect-580f2 200
[debug] [2025-05-14T00:45:14.992Z] <<< [apiv2][body] GET https://firebase.googleapis.com/v1beta1/projects/genconnect-580f2 {"projectId":"genconnect-580f2","projectNumber":"256199258832","displayName":"GenConnect","name":"projects/genconnect-580f2","resources":{"hostingSite":"genconnect-580f2"},"state":"ACTIVE","etag":"1_370fe54b-548e-481f-aa69-393642867be8"}
[info] 
[info] === Deploying to 'genconnect-580f2'...
[info] 
[info] i  deploying hosting 
[debug] [2025-05-14T00:45:14.996Z] Checked if tokens are valid: true, expires at: 1747186384953
[debug] [2025-05-14T00:45:14.997Z] Checked if tokens are valid: true, expires at: 1747186384953
[debug] [2025-05-14T00:45:14.997Z] >>> [apiv2][query] POST https://firebasehosting.googleapis.com/v1beta1/projects/-/sites/genconnect-580f2/versions [none]
[debug] [2025-05-14T00:45:14.997Z] >>> [apiv2][body] POST https://firebasehosting.googleapis.com/v1beta1/projects/-/sites/genconnect-580f2/versions {"status":"CREATED","labels":{"deployment-tool":"cli-firebase"}}
[debug] [2025-05-14T00:45:16.369Z] <<< [apiv2][status] POST https://firebasehosting.googleapis.com/v1beta1/projects/-/sites/genconnect-580f2/versions 200
[debug] [2025-05-14T00:45:16.370Z] <<< [apiv2][body] POST https://firebasehosting.googleapis.com/v1beta1/projects/-/sites/genconnect-580f2/versions {"name":"projects/256199258832/sites/genconnect-580f2/versions/1b9b36f0c3384422","status":"CREATED","config":{},"labels":{"deployment-tool":"cli-firebase"}}
[info] i  hosting[genconnect-580f2]: beginning deploy... 
[info] i  hosting[genconnect-580f2]: found 91 files in out 
[debug] [2025-05-14T00:45:16.390Z] [hosting] uploading with 200 concurrency
[debug] [2025-05-14T00:45:16.399Z] Checked if tokens are valid: true, expires at: 1747186384953
[debug] [2025-05-14T00:45:16.400Z] Checked if tokens are valid: true, expires at: 1747186384953
[debug] [2025-05-14T00:45:16.400Z] [hosting] hash cache [b3V0] stored for 91 files
[debug] [2025-05-14T00:45:16.401Z] [hosting][hash queue][FINAL] {"max":4,"min":0,"avg":0.7083335281152486,"active":0,"complete":91,"success":91,"errored":0,"retried":0,"total":91,"elapsed":10}
[debug] [2025-05-14T00:45:16.401Z] >>> [apiv2][query] POST https://firebasehosting.googleapis.com/v1beta1/projects/256199258832/sites/genconnect-580f2/versions/1b9b36f0c3384422:populateFiles [none]
[debug] [2025-05-14T00:45:16.401Z] >>> [apiv2][body] POST https://firebasehosting.googleapis.com/v1beta1/projects/256199258832/sites/genconnect-580f2/versions/1b9b36f0c3384422:populateFiles {"files":{"/window.svg":"6bd2003bd35bb32c1c0d99ab3aeac0cc1edaefd79f27df1d954bc87184048d74","/whereweare.txt":"623df79f83f88b043909cd8f31600e75daebd026d283cc209982beedec6a1e2b","/whereweare.html":"a87be3b9034915e699d05bf177dc35fc7de991dd265ac358b077c8f5be6d82be","/vercel.svg":"529a1a21b4a82475a82db26173c28d7b27e2dc9d4b900eaf1c5329d96eea4ddd","/next.svg":"0665b9ab4493aa9d7e988b57024e28772ae543e804b8cf6b0a3633854b7c3c7f","/index.txt":"68437ae8898c4d0e4ebe1ebc807f1523421fcc27246b91b60386010364eaa1e8","/index.html":"0fd4737e079c3557df6d42f0a96da7d939301c5e5541105d68cbdc3c284c29be","/goals.txt":"02b6e1c84e8c92754b9aadc816a333b1cd69948b6c7014bad200de35f589baa4","/goals.html":"b82fb5c9a5300d36122457c9e3fe8c9b0993e324ca1ece3808315fd965d30a24","/globe.svg":"6502a3e6120bf2d6e8417e7c40bb57fb8a6954de9c86d3f43076a75b60cd23a2","/file.svg":"5a09df6187e21aa9a7d05094389385876ac93c818e1dcbb77a26a8fe408bf79c","/favicon.ico":"36eaaa9259cda5765c4061fa8b7bf61c74dbda3a2a721a0811c73f5dae61a2e9","/documentation.txt":"1354074d09e397161745dc4825c4be42b762723a5d1c520bed38415d62ebcc70","/documentation.html":"5d81928b2f5d8a6730383f3dbc57196ba9d41558d138d60690155ec357ba80f9","/contact.txt":"904e25f217b81ef3e81635163231cf782f50c478864378bbfa25d01e721b1b0a","/contact.html":"b10110988458e99f2829e7ddf1538862aeaa298151fa0355d008c0b8c0e2dd04","/comingsoon.txt":"4f84caa84567ee456930df5c0e0138d3ea09ac6fe688bc33db80e8b5ec4b4a99","/comingsoon.html":"a029cf1497a1372dc8bd94eefdb787d2955b7770a4c2de5ec8be9d24d1dd0b50","/categories.txt":"2f6d66964aee8555b1021ce40e1b97cbcabea3467183e02c59902b38fa92f831","/categories.html":"8f9b2ac83abe230ed9acf1f058420d87c31cf6e289e81f3600cff5ecb66de461","/404.html":"3c0cc8f7c8fe43fcf351ea1cadc4c13806fe9ff66c112fa7d436bdf0fb4aaf0b","/_next/static/media/ba015fad6dcf6784-s.woff2":"2435c9cd3d80b370af0d12f1623ee96c47460d286fa4e52e283371b801696fe6","/_next/static/media/9610d9e46709d722-s.woff2":"b69bc48415f924b2ba601fc1d4e410378fafb8b8835d133b888e023e782ae276","/_next/static/media/93f479601ee12b01-s.p.woff2":"b64ce94058db3b6558b284f93ad64afaddc35ee2ff5e53ce48b833ff3a74e820","/_next/static/media/8d697b304b401681-s.woff2":"8d292901989d49484a1601ca452e9a5867e0bb875ea47ebe965cce34f9ccfe9f","/_next/static/media/747892c23ea88013-s.woff2":"d4009d939263227ebf50c0795c481e213f357d7420c6e2aeae9e270341c2794e","/_next/static/media/569ce4b8f30dc480-s.p.woff2":"a741fe7396bd67a15be711bbe82945178a26689142bed4315df2dedf6ad46038","/_next/static/css/ed051fd84b02866b.css":"1e00c9e3c4e2ba3343ee6713121c9885cf94d8be1798c96505ea827508e4244a","/_next/static/css/c8608d2ff999a71a.css":"62df928755b2e86a62b5c7711b406fa5ef11d40fe2bee074f0320988b2f5f33f","/_next/static/css/84e063a1a354ea03.css":"f7f57fd4271c717dbd74a5eb744abb17b3f5f7d9d5e4053e08b67a68267a6e97","/_next/static/css/5e8ecbf212f41c28.css":"dda1f11c60a1e8f18aff001fa8e91fb4901e636eb8d2a589cab9caf50c9cb0c2","/_next/static/chunks/webpack-96525df4786d7ab4.js":"6645c40bc031e858680cdd9ffbd22895f1ea8e451eb4a5a1e10b2b1c0214f5e8","/_next/static/chunks/polyfills-42372ed130431b0a.js":"18e28d3214eda45048d80d3925ea7627b809e69ad2e95f7f98459e9146a61c3d","/_next/static/chunks/main-app-fb02e74f2b47db95.js":"6c2656fb62ea09e30084f8d5cb0107aeae1601df70fb4231c32eeca0989a7a4f","/_next/static/chunks/main-45294ed5aecf97c5.js":"198fed62efac2c51b63f68eea13c4b57d62b6531141a651aa5ec07c280965295","/_next/static/chunks/framework-52167c1502110d79.js":"ab65bbe6a11656b473b6a6b7504b7fcf3a6b9c3ea4bff0b8fa5bec01b7758065","/_next/static/chunks/bc9e92e6-e095519ba6fa5e13.js":"ea39a8fdaf4521b16aa4279c3650c02448b4336f7dfe5092bc723a4448b2e984","/_next/static/chunks/993-ef116a35403ccc86.js":"6f8ea58f8e3d636910cd1ed7a1b19efce8783e07dfcbaca7405163252a6c67ab","/_next/static/chunks/845b63da-d2bb2cdc97c8419b.js":"542d5fe96fee1858d61eda67fe7c008f234305cbcaef0b21bb859998fb8740df","/_next/static/chunks/757-272494556eaeb9e3.js":"e5680644ad470fb483312849b7883eba7f825857b8f2da7c9db0239a1db3204e","/_next/static/chunks/722.1e9e6884fedec507.js":"486b90ccb15a5b8d5a6a153c41bac81e634ad29ece328a16fc8d47d6ee57d87d","/_next/static/chunks/684-f2f0525e54817c03.js":"1b2de00e507d4b1bb7c737436ba489aa3b29b7d1b0ee9d5cf9e2ac5b8ea7d182","/_next/static/chunks/612-8d4ee795775a1aab.js":"5f778d9ca7e7db014d7f33d2f21d20ee725b0082f9572dab783241df838657d9","/_next/static/chunks/4bd1b696-8121fb0a86502f54.js":"d3b1906c788d1847b7972c29d3367e8c573b043d7a1d667922a71ff70bc7b497","/_next/static/chunks/472.2c08b965bd9148e2.js":"2384a68c364b196f97b01b17688990e9d8351232047eeb54693551ae3b5ad42a","/_next/static/chunks/309-bb48df68f61ddfc0.js":"a7a2af7408e0d590f6bfc011aa02241d0e52ab8b2c2fab7bd175dfdb46530c33","/_next/static/chunks/288-3c92e1310a842598.js":"bc9610c25f5131e0243ac56f9dcf88063be1cc9c3655723e4c1c46012f66bf17","/_next/static/chunks/053dbec3-7531046dfc3bb00f.js":"188fbf7da02ba46ea81fc6765b251da16243c0f8a70dd6a26febb776b2486216","/_next/static/chunks/pages/_error-ba1b43779e8d510e.js":"a73bcb94e22d660ab693a0d3a86ef99fb806ac044fdde831b6ab382ebdc6ba40","/_next/static/chunks/pages/_app-6635a3a4af8739be.js":"209566e4a90bf2b0716c60f7374b132236b6b9a5bb09d9536020a9ed95106f73","/_next/static/chunks/app/page-20236d4a1e834249.js":"438e8a6cc3b03e1db9f241daa0e5dd1b1b5925ba97bbb1439b5ca79a1a52bcd1","/_next/static/chunks/app/layout-836480f738807049.js":"64c517a7fd32e1a96a1305a93c4747844fc0bee13ef40838637deffeb1e73b47","/_next/static/chunks/app/_not-found/page-9aa8386a129071c6.js":"8f1892102b0391c59359af8c328a4ca518a2a7144a1321c0e0737e163354b50f","/_next/static/chunks/app/whereweare/page-e04d4a204fd3b3a4.js":"8a2e49b3844ed1625ba6f55cdcea51e39f169dfe950d6d6838c499b2671644bb","/_next/static/chunks/app/goals/page-6ad61c5a515f1b06.js":"99d5e065712db99fc66c6b77e0ad117a5bfd4ae1c5d5819f61851d2f13fa9a91","/_next/static/chunks/app/documentation/page-194f2555101e92d7.js":"9bbe6149bc2affd5a1fad18c9a8c2355c77953130020cbe10ad1e76797922800","/_next/static/chunks/app/contact/page-dc14a00eeaa2e23e.js":"c7da1306db1cb284a3ebe51058ed5f29ad4e2820d453c1594259347d174ef214","/_next/static/chunks/app/comingsoon/page-292f9a36cc4b5f43.js":"fd3edb6fbd497ac714460e175a8434a8ea965096baf0e9ded0735a23fd9b1e24","/_next/static/chunks/app/categories/page-c580cc82250fb7f3.js":"a182cb97c952ad0c2fd51d593a00356274be7ecba8f2eb8e76f6ef47a13e0175","/_next/static/98RKzUHMxj14FLeVLneKS/_ssgManifest.js":"dc28a4dc92fe352ed5d2201bd3972ce47691bc8e89e0400a68d1541d0567c6d5","/_next/static/98RKzUHMxj14FLeVLneKS/_buildManifest.js":"1ab570f0805077235f1b101d9e270a0db5c9044086260d14168de6483535c4d2","/pdfs/Technical-Documentation.pdf":"82431cf8d3a8fdfe1311d77837e52cf10163ce6f70c05bd71b6d20b4e114cf5b","/pdfs/project-proposal.pdf":"0230aeffac8a7ab601ad771410f6a9adb55acdc3ff7522593215777a8b286880","/images/VisionStatement.png":"fd597549085aa7086bd8912d6ec3789c4dc02d867ff08b838a53e6f5e7587c51","/images/Square_1200_1200.png":"b33e895cb02870bbef84c90a53e6616d5762289bba7f84f0b62c41bb04a03d6b","/images/SomethingNew.png":"a86201f77ff0d64b1072bd59635f55157cfa023f02a5efedd791e852935920cc","/images/placeholder.jpg":"fb2b8f5d2bfb3e8872f5717f859adf7365ded509b71705e713d9db6d189f324b","/images/MissionStatement.png":"38da28526d78cc80167b70d0bd941e0a86084250ba71192241330578605cfd99","/images/Logo.png":"5158f5088dfa856210ab403fb7ec986deaaf8ee82d705624c564baffd3b06f12","/images/collab.png":"fac24d7dd640231a031f1c4650ad697a59baba1e953aa4ca7a595deb405bb2c5","/images/screenshots/yourreviewmenu.png":"45a16de93cf1aaf4324bc38aa12a5f0e469510c80cb236a91665c7e4f1cdb45c","/images/screenshots/yourprofile.png":"8b3ad1004166e543dc0299d227c0136586996302db8952e88a9aed09ecffc526","/images/screenshots/signup.png":"176068139b77ee35c99a08c063ad4eb275136c70de9a520e7837c99f6cdf428c","/images/screenshots/review.png":"cdf1578194c7ef8f4c3a203df85398c2552a3edcba74127c4ea67ce540440317","/images/screenshots/profileslist.png":"bcc8b17d5a318f5f45a5076ec27802ddba3c0a83c47d9232c840cfcef42b7257","/images/screenshots/profilepage.png":"18415ff358d3e16c79c6b3e1135deeee5ea8682bd868220c5bc494708ee4887f","/images/screenshots/post.png":"28641f82781586281203be3b9ed20ffbd2f2dfcbdd631850dbb9c432e2bec796","/images/screenshots/messages.png":"8a122de4ea03f20f972376012786d033ec89ec79f9f7d830d7c862ef2d921780","/images/screenshots/login.png":"b163288291059a350e0ed1560ef0d2dbfd06ba1f0124566b72ec46a01aa0cb36","/images/screenshots/infomobile.png":"10ed5c1a077336aefbf4ec5bda26503a51eb2140797ec26d69f1490699fe392b","/images/screenshots/info.png":"42cd12fdb27a13616c4d6593249b5a86d89f9b7a3e6c475f92a5e4a0a71df2c5","/images/screenshots/homepage.png":"a4d764f9cbfa9bbe9a76896ac60b615060434424bd1083219b4800954f036ad9","/images/screenshots/homemobile.png":"054249c1e22c753be2737686d0ab6ad58995bd2fb13ccc0a469d37e74b17c94b","/images/screenshots/home.png":"bd0b5bc27c35782cccd3424c98e8c5f3731b6139cb8ef200313cc27ee63b2905","/images/screenshots/findfriend.png":"627cf1134de6059cf065aad239dc50ff4c78bf7de9f6cea53df775ec9ceccfef","/images/screenshots/creatingaccount5.png":"51df0ec72c2bb87e795b2004cd19896eb3331d86f05df9512cb52bf7b6da9d8b","/images/screenshots/creatingaccount4.png":"8f0e7da24acce8d1663443b82e6afa7479f26304f1333e032501041514ca726b","/images/screenshots/creatingaccount3.png":"6df0f2bc206cda3ae7b5cab0d3275e48761634b9a05390faa6bc354d1c48be02","/images/screenshots/creatingaccount2.png":"2dd1a0b581ca4b4e8bd7b419e12c1ddf7d15f59f2f21cbcc47ec4a897ae17e4e","/images/screenshots/creatingaccount1.png":"23ba94ab678e38be279eadef9bdd05ab9c87f414623dca7f5d65f19a07307103","/images/screenshots/creatingaccount.png":"e2a8cd4205c496b786c872c8d9ced7f44fa2ce41e99bed2c993013085d5ddefb"}}
[debug] [2025-05-14T00:45:16.982Z] <<< [apiv2][status] POST https://firebasehosting.googleapis.com/v1beta1/projects/256199258832/sites/genconnect-580f2/versions/1b9b36f0c3384422:populateFiles 200
[debug] [2025-05-14T00:45:16.982Z] <<< [apiv2][body] POST https://firebasehosting.googleapis.com/v1beta1/projects/256199258832/sites/genconnect-580f2/versions/1b9b36f0c3384422:populateFiles {"uploadUrl":"https://upload-firebasehosting.googleapis.com/upload/sites/genconnect-580f2/versions/1b9b36f0c3384422/files"}
[debug] [2025-05-14T00:45:16.983Z] [hosting][populate queue][FINAL] {"max":584,"min":584,"avg":584,"active":0,"complete":1,"success":1,"errored":0,"retried":0,"total":1,"elapsed":584}
[debug] [2025-05-14T00:45:16.983Z] [hosting] uploads queued: 0
[debug] [2025-05-14T00:45:16.984Z] [hosting][upload queue][FINAL] {"max":0,"min":9999999999,"avg":0,"active":0,"complete":0,"success":0,"errored":0,"retried":0,"total":0,"elapsed":1747183516984}
[info] i  hosting: upload complete 
[info] +  hosting[genconnect-580f2]: file upload complete 
[debug] [2025-05-14T00:45:16.984Z] [hosting] deploy completed after 612ms
[debug] [2025-05-14T00:45:16.985Z] [
  {
    "config": {
      "public": "out",
      "ignore": [
        "firebase.json",
        "**/.*",
        "**/node_modules/**"
      ],
      "rewrites": [
        {
          "source": "/api/**"
        }
      ],
      "site": "genconnect-580f2"
    },
    "version": "projects/256199258832/sites/genconnect-580f2/versions/1b9b36f0c3384422"
  }
]
[info] i  hosting[genconnect-580f2]: finalizing version... 
[error] 
[error] Error: Invalid hosting rewrite config in firebase.json. A rewrite config must specify 'destination', 'function', 'dynamicLinks', or 'run'
[debug] [2025-05-14T00:46:54.950Z] ----------------------------------------------------------------------
[debug] [2025-05-14T00:46:54.952Z] Command:       C:\Program Files\nodejs\node.exe C:\Users\TobyE\AppData\Roaming\npm\node_modules\firebase-tools\lib\bin\firebase.js deploy --only hosting --debug
[debug] [2025-05-14T00:46:54.953Z] CLI Version:   14.3.1
[debug] [2025-05-14T00:46:54.953Z] Platform:      win32
[debug] [2025-05-14T00:46:54.953Z] Node Version:  v22.14.0
[debug] [2025-05-14T00:46:54.953Z] Time:          Tue May 13 2025 17:46:54 GMT-0700 (Pacific Daylight Time)
[debug] [2025-05-14T00:46:54.953Z] ----------------------------------------------------------------------
[debug] 
[debug] [2025-05-14T00:46:55.098Z] > command requires scopes: ["email","openid","https://www.googleapis.com/auth/cloudplatformprojects.readonly","https://www.googleapis.com/auth/firebase","https://www.googleapis.com/auth/cloud-platform"]
[debug] [2025-05-14T00:46:55.100Z] > authorizing via signed-in user (tobye.prosser@yahoo.com)
[debug] [2025-05-14T00:46:55.100Z] [iam] checking project genconnect-580f2 for permissions ["firebase.projects.get","firebasehosting.sites.update"]
[debug] [2025-05-14T00:46:55.101Z] Checked if tokens are valid: true, expires at: 1747186384953
[debug] [2025-05-14T00:46:55.102Z] Checked if tokens are valid: true, expires at: 1747186384953
[debug] [2025-05-14T00:46:55.103Z] >>> [apiv2][query] POST https://cloudresourcemanager.googleapis.com/v1/projects/genconnect-580f2:testIamPermissions [none]
[debug] [2025-05-14T00:46:55.103Z] >>> [apiv2][(partial)header] POST https://cloudresourcemanager.googleapis.com/v1/projects/genconnect-580f2:testIamPermissions x-goog-quota-user=projects/genconnect-580f2
[debug] [2025-05-14T00:46:55.103Z] >>> [apiv2][body] POST https://cloudresourcemanager.googleapis.com/v1/projects/genconnect-580f2:testIamPermissions {"permissions":["firebase.projects.get","firebasehosting.sites.update"]}
[debug] [2025-05-14T00:46:55.519Z] <<< [apiv2][status] POST https://cloudresourcemanager.googleapis.com/v1/projects/genconnect-580f2:testIamPermissions 200
[debug] [2025-05-14T00:46:55.520Z] <<< [apiv2][body] POST https://cloudresourcemanager.googleapis.com/v1/projects/genconnect-580f2:testIamPermissions {"permissions":["firebase.projects.get","firebasehosting.sites.update"]}
[debug] [2025-05-14T00:46:55.521Z] Checked if tokens are valid: true, expires at: 1747186384953
[debug] [2025-05-14T00:46:55.521Z] Checked if tokens are valid: true, expires at: 1747186384953
[debug] [2025-05-14T00:46:55.521Z] >>> [apiv2][query] GET https://firebase.googleapis.com/v1beta1/projects/genconnect-580f2 [none]
[debug] [2025-05-14T00:46:55.854Z] <<< [apiv2][status] GET https://firebase.googleapis.com/v1beta1/projects/genconnect-580f2 200
[debug] [2025-05-14T00:46:55.855Z] <<< [apiv2][body] GET https://firebase.googleapis.com/v1beta1/projects/genconnect-580f2 {"projectId":"genconnect-580f2","projectNumber":"256199258832","displayName":"GenConnect","name":"projects/genconnect-580f2","resources":{"hostingSite":"genconnect-580f2"},"state":"ACTIVE","etag":"1_370fe54b-548e-481f-aa69-393642867be8"}
[info] 
[info] === Deploying to 'genconnect-580f2'...
[info] 
[info] i  deploying hosting 
[debug] [2025-05-14T00:46:55.859Z] Checked if tokens are valid: true, expires at: 1747186384953
[debug] [2025-05-14T00:46:55.859Z] Checked if tokens are valid: true, expires at: 1747186384953
[debug] [2025-05-14T00:46:55.859Z] >>> [apiv2][query] POST https://firebasehosting.googleapis.com/v1beta1/projects/-/sites/genconnect-580f2/versions [none]
[debug] [2025-05-14T00:46:55.859Z] >>> [apiv2][body] POST https://firebasehosting.googleapis.com/v1beta1/projects/-/sites/genconnect-580f2/versions {"status":"CREATED","labels":{"deployment-tool":"cli-firebase"}}
[debug] [2025-05-14T00:46:57.143Z] <<< [apiv2][status] POST https://firebasehosting.googleapis.com/v1beta1/projects/-/sites/genconnect-580f2/versions 200
[debug] [2025-05-14T00:46:57.144Z] <<< [apiv2][body] POST https://firebasehosting.googleapis.com/v1beta1/projects/-/sites/genconnect-580f2/versions {"name":"projects/256199258832/sites/genconnect-580f2/versions/ca1a61350e55aaf5","status":"CREATED","config":{},"labels":{"deployment-tool":"cli-firebase"}}
[info] i  hosting[genconnect-580f2]: beginning deploy... 
[info] i  hosting[genconnect-580f2]: found 91 files in out 
[debug] [2025-05-14T00:46:57.167Z] [hosting] uploading with 200 concurrency
[debug] [2025-05-14T00:46:57.175Z] Checked if tokens are valid: true, expires at: 1747186384953
[debug] [2025-05-14T00:46:57.175Z] Checked if tokens are valid: true, expires at: 1747186384953
[debug] [2025-05-14T00:46:57.176Z] [hosting] hash cache [b3V0] stored for 91 files
[debug] [2025-05-14T00:46:57.177Z] [hosting][hash queue][FINAL] {"max":4,"min":0,"avg":0.6833907170579065,"active":0,"complete":91,"success":91,"errored":0,"retried":0,"total":91,"elapsed":9}
[debug] [2025-05-14T00:46:57.177Z] >>> [apiv2][query] POST https://firebasehosting.googleapis.com/v1beta1/projects/256199258832/sites/genconnect-580f2/versions/ca1a61350e55aaf5:populateFiles [none]
[debug] [2025-05-14T00:46:57.177Z] >>> [apiv2][body] POST https://firebasehosting.googleapis.com/v1beta1/projects/256199258832/sites/genconnect-580f2/versions/ca1a61350e55aaf5:populateFiles {"files":{"/window.svg":"6bd2003bd35bb32c1c0d99ab3aeac0cc1edaefd79f27df1d954bc87184048d74","/whereweare.txt":"623df79f83f88b043909cd8f31600e75daebd026d283cc209982beedec6a1e2b","/whereweare.html":"a87be3b9034915e699d05bf177dc35fc7de991dd265ac358b077c8f5be6d82be","/vercel.svg":"529a1a21b4a82475a82db26173c28d7b27e2dc9d4b900eaf1c5329d96eea4ddd","/next.svg":"0665b9ab4493aa9d7e988b57024e28772ae543e804b8cf6b0a3633854b7c3c7f","/index.txt":"68437ae8898c4d0e4ebe1ebc807f1523421fcc27246b91b60386010364eaa1e8","/index.html":"0fd4737e079c3557df6d42f0a96da7d939301c5e5541105d68cbdc3c284c29be","/goals.txt":"02b6e1c84e8c92754b9aadc816a333b1cd69948b6c7014bad200de35f589baa4","/goals.html":"b82fb5c9a5300d36122457c9e3fe8c9b0993e324ca1ece3808315fd965d30a24","/globe.svg":"6502a3e6120bf2d6e8417e7c40bb57fb8a6954de9c86d3f43076a75b60cd23a2","/file.svg":"5a09df6187e21aa9a7d05094389385876ac93c818e1dcbb77a26a8fe408bf79c","/favicon.ico":"36eaaa9259cda5765c4061fa8b7bf61c74dbda3a2a721a0811c73f5dae61a2e9","/documentation.txt":"1354074d09e397161745dc4825c4be42b762723a5d1c520bed38415d62ebcc70","/documentation.html":"5d81928b2f5d8a6730383f3dbc57196ba9d41558d138d60690155ec357ba80f9","/contact.txt":"904e25f217b81ef3e81635163231cf782f50c478864378bbfa25d01e721b1b0a","/contact.html":"b10110988458e99f2829e7ddf1538862aeaa298151fa0355d008c0b8c0e2dd04","/comingsoon.txt":"4f84caa84567ee456930df5c0e0138d3ea09ac6fe688bc33db80e8b5ec4b4a99","/comingsoon.html":"a029cf1497a1372dc8bd94eefdb787d2955b7770a4c2de5ec8be9d24d1dd0b50","/categories.txt":"2f6d66964aee8555b1021ce40e1b97cbcabea3467183e02c59902b38fa92f831","/categories.html":"8f9b2ac83abe230ed9acf1f058420d87c31cf6e289e81f3600cff5ecb66de461","/404.html":"3c0cc8f7c8fe43fcf351ea1cadc4c13806fe9ff66c112fa7d436bdf0fb4aaf0b","/_next/static/media/ba015fad6dcf6784-s.woff2":"2435c9cd3d80b370af0d12f1623ee96c47460d286fa4e52e283371b801696fe6","/_next/static/media/9610d9e46709d722-s.woff2":"b69bc48415f924b2ba601fc1d4e410378fafb8b8835d133b888e023e782ae276","/_next/static/media/93f479601ee12b01-s.p.woff2":"b64ce94058db3b6558b284f93ad64afaddc35ee2ff5e53ce48b833ff3a74e820","/_next/static/media/8d697b304b401681-s.woff2":"8d292901989d49484a1601ca452e9a5867e0bb875ea47ebe965cce34f9ccfe9f","/_next/static/media/747892c23ea88013-s.woff2":"d4009d939263227ebf50c0795c481e213f357d7420c6e2aeae9e270341c2794e","/_next/static/media/569ce4b8f30dc480-s.p.woff2":"a741fe7396bd67a15be711bbe82945178a26689142bed4315df2dedf6ad46038","/_next/static/css/ed051fd84b02866b.css":"1e00c9e3c4e2ba3343ee6713121c9885cf94d8be1798c96505ea827508e4244a","/_next/static/css/c8608d2ff999a71a.css":"62df928755b2e86a62b5c7711b406fa5ef11d40fe2bee074f0320988b2f5f33f","/_next/static/css/84e063a1a354ea03.css":"f7f57fd4271c717dbd74a5eb744abb17b3f5f7d9d5e4053e08b67a68267a6e97","/_next/static/css/5e8ecbf212f41c28.css":"dda1f11c60a1e8f18aff001fa8e91fb4901e636eb8d2a589cab9caf50c9cb0c2","/_next/static/chunks/webpack-96525df4786d7ab4.js":"6645c40bc031e858680cdd9ffbd22895f1ea8e451eb4a5a1e10b2b1c0214f5e8","/_next/static/chunks/polyfills-42372ed130431b0a.js":"18e28d3214eda45048d80d3925ea7627b809e69ad2e95f7f98459e9146a61c3d","/_next/static/chunks/main-app-fb02e74f2b47db95.js":"6c2656fb62ea09e30084f8d5cb0107aeae1601df70fb4231c32eeca0989a7a4f","/_next/static/chunks/main-45294ed5aecf97c5.js":"198fed62efac2c51b63f68eea13c4b57d62b6531141a651aa5ec07c280965295","/_next/static/chunks/framework-52167c1502110d79.js":"ab65bbe6a11656b473b6a6b7504b7fcf3a6b9c3ea4bff0b8fa5bec01b7758065","/_next/static/chunks/bc9e92e6-e095519ba6fa5e13.js":"ea39a8fdaf4521b16aa4279c3650c02448b4336f7dfe5092bc723a4448b2e984","/_next/static/chunks/993-ef116a35403ccc86.js":"6f8ea58f8e3d636910cd1ed7a1b19efce8783e07dfcbaca7405163252a6c67ab","/_next/static/chunks/845b63da-d2bb2cdc97c8419b.js":"542d5fe96fee1858d61eda67fe7c008f234305cbcaef0b21bb859998fb8740df","/_next/static/chunks/757-272494556eaeb9e3.js":"e5680644ad470fb483312849b7883eba7f825857b8f2da7c9db0239a1db3204e","/_next/static/chunks/722.1e9e6884fedec507.js":"486b90ccb15a5b8d5a6a153c41bac81e634ad29ece328a16fc8d47d6ee57d87d","/_next/static/chunks/684-f2f0525e54817c03.js":"1b2de00e507d4b1bb7c737436ba489aa3b29b7d1b0ee9d5cf9e2ac5b8ea7d182","/_next/static/chunks/612-8d4ee795775a1aab.js":"5f778d9ca7e7db014d7f33d2f21d20ee725b0082f9572dab783241df838657d9","/_next/static/chunks/4bd1b696-8121fb0a86502f54.js":"d3b1906c788d1847b7972c29d3367e8c573b043d7a1d667922a71ff70bc7b497","/_next/static/chunks/472.2c08b965bd9148e2.js":"2384a68c364b196f97b01b17688990e9d8351232047eeb54693551ae3b5ad42a","/_next/static/chunks/309-bb48df68f61ddfc0.js":"a7a2af7408e0d590f6bfc011aa02241d0e52ab8b2c2fab7bd175dfdb46530c33","/_next/static/chunks/288-3c92e1310a842598.js":"bc9610c25f5131e0243ac56f9dcf88063be1cc9c3655723e4c1c46012f66bf17","/_next/static/chunks/053dbec3-7531046dfc3bb00f.js":"188fbf7da02ba46ea81fc6765b251da16243c0f8a70dd6a26febb776b2486216","/_next/static/chunks/pages/_error-ba1b43779e8d510e.js":"a73bcb94e22d660ab693a0d3a86ef99fb806ac044fdde831b6ab382ebdc6ba40","/_next/static/chunks/pages/_app-6635a3a4af8739be.js":"209566e4a90bf2b0716c60f7374b132236b6b9a5bb09d9536020a9ed95106f73","/_next/static/chunks/app/page-20236d4a1e834249.js":"438e8a6cc3b03e1db9f241daa0e5dd1b1b5925ba97bbb1439b5ca79a1a52bcd1","/_next/static/chunks/app/layout-836480f738807049.js":"64c517a7fd32e1a96a1305a93c4747844fc0bee13ef40838637deffeb1e73b47","/_next/static/chunks/app/_not-found/page-9aa8386a129071c6.js":"8f1892102b0391c59359af8c328a4ca518a2a7144a1321c0e0737e163354b50f","/_next/static/chunks/app/whereweare/page-e04d4a204fd3b3a4.js":"8a2e49b3844ed1625ba6f55cdcea51e39f169dfe950d6d6838c499b2671644bb","/_next/static/chunks/app/goals/page-6ad61c5a515f1b06.js":"99d5e065712db99fc66c6b77e0ad117a5bfd4ae1c5d5819f61851d2f13fa9a91","/_next/static/chunks/app/documentation/page-194f2555101e92d7.js":"9bbe6149bc2affd5a1fad18c9a8c2355c77953130020cbe10ad1e76797922800","/_next/static/chunks/app/contact/page-dc14a00eeaa2e23e.js":"c7da1306db1cb284a3ebe51058ed5f29ad4e2820d453c1594259347d174ef214","/_next/static/chunks/app/comingsoon/page-292f9a36cc4b5f43.js":"fd3edb6fbd497ac714460e175a8434a8ea965096baf0e9ded0735a23fd9b1e24","/_next/static/chunks/app/categories/page-c580cc82250fb7f3.js":"a182cb97c952ad0c2fd51d593a00356274be7ecba8f2eb8e76f6ef47a13e0175","/_next/static/98RKzUHMxj14FLeVLneKS/_ssgManifest.js":"dc28a4dc92fe352ed5d2201bd3972ce47691bc8e89e0400a68d1541d0567c6d5","/_next/static/98RKzUHMxj14FLeVLneKS/_buildManifest.js":"1ab570f0805077235f1b101d9e270a0db5c9044086260d14168de6483535c4d2","/pdfs/Technical-Documentation.pdf":"82431cf8d3a8fdfe1311d77837e52cf10163ce6f70c05bd71b6d20b4e114cf5b","/pdfs/project-proposal.pdf":"0230aeffac8a7ab601ad771410f6a9adb55acdc3ff7522593215777a8b286880","/images/VisionStatement.png":"fd597549085aa7086bd8912d6ec3789c4dc02d867ff08b838a53e6f5e7587c51","/images/Square_1200_1200.png":"b33e895cb02870bbef84c90a53e6616d5762289bba7f84f0b62c41bb04a03d6b","/images/SomethingNew.png":"a86201f77ff0d64b1072bd59635f55157cfa023f02a5efedd791e852935920cc","/images/placeholder.jpg":"fb2b8f5d2bfb3e8872f5717f859adf7365ded509b71705e713d9db6d189f324b","/images/MissionStatement.png":"38da28526d78cc80167b70d0bd941e0a86084250ba71192241330578605cfd99","/images/Logo.png":"5158f5088dfa856210ab403fb7ec986deaaf8ee82d705624c564baffd3b06f12","/images/collab.png":"fac24d7dd640231a031f1c4650ad697a59baba1e953aa4ca7a595deb405bb2c5","/images/screenshots/yourreviewmenu.png":"45a16de93cf1aaf4324bc38aa12a5f0e469510c80cb236a91665c7e4f1cdb45c","/images/screenshots/yourprofile.png":"8b3ad1004166e543dc0299d227c0136586996302db8952e88a9aed09ecffc526","/images/screenshots/signup.png":"176068139b77ee35c99a08c063ad4eb275136c70de9a520e7837c99f6cdf428c","/images/screenshots/review.png":"cdf1578194c7ef8f4c3a203df85398c2552a3edcba74127c4ea67ce540440317","/images/screenshots/profileslist.png":"bcc8b17d5a318f5f45a5076ec27802ddba3c0a83c47d9232c840cfcef42b7257","/images/screenshots/profilepage.png":"18415ff358d3e16c79c6b3e1135deeee5ea8682bd868220c5bc494708ee4887f","/images/screenshots/post.png":"28641f82781586281203be3b9ed20ffbd2f2dfcbdd631850dbb9c432e2bec796","/images/screenshots/messages.png":"8a122de4ea03f20f972376012786d033ec89ec79f9f7d830d7c862ef2d921780","/images/screenshots/login.png":"b163288291059a350e0ed1560ef0d2dbfd06ba1f0124566b72ec46a01aa0cb36","/images/screenshots/infomobile.png":"10ed5c1a077336aefbf4ec5bda26503a51eb2140797ec26d69f1490699fe392b","/images/screenshots/info.png":"42cd12fdb27a13616c4d6593249b5a86d89f9b7a3e6c475f92a5e4a0a71df2c5","/images/screenshots/homepage.png":"a4d764f9cbfa9bbe9a76896ac60b615060434424bd1083219b4800954f036ad9","/images/screenshots/homemobile.png":"054249c1e22c753be2737686d0ab6ad58995bd2fb13ccc0a469d37e74b17c94b","/images/screenshots/home.png":"bd0b5bc27c35782cccd3424c98e8c5f3731b6139cb8ef200313cc27ee63b2905","/images/screenshots/findfriend.png":"627cf1134de6059cf065aad239dc50ff4c78bf7de9f6cea53df775ec9ceccfef","/images/screenshots/creatingaccount5.png":"51df0ec72c2bb87e795b2004cd19896eb3331d86f05df9512cb52bf7b6da9d8b","/images/screenshots/creatingaccount4.png":"8f0e7da24acce8d1663443b82e6afa7479f26304f1333e032501041514ca726b","/images/screenshots/creatingaccount3.png":"6df0f2bc206cda3ae7b5cab0d3275e48761634b9a05390faa6bc354d1c48be02","/images/screenshots/creatingaccount2.png":"2dd1a0b581ca4b4e8bd7b419e12c1ddf7d15f59f2f21cbcc47ec4a897ae17e4e","/images/screenshots/creatingaccount1.png":"23ba94ab678e38be279eadef9bdd05ab9c87f414623dca7f5d65f19a07307103","/images/screenshots/creatingaccount.png":"e2a8cd4205c496b786c872c8d9ced7f44fa2ce41e99bed2c993013085d5ddefb"}}
[debug] [2025-05-14T00:46:57.727Z] <<< [apiv2][status] POST https://firebasehosting.googleapis.com/v1beta1/projects/256199258832/sites/genconnect-580f2/versions/ca1a61350e55aaf5:populateFiles 200
[debug] [2025-05-14T00:46:57.727Z] <<< [apiv2][body] POST https://firebasehosting.googleapis.com/v1beta1/projects/256199258832/sites/genconnect-580f2/versions/ca1a61350e55aaf5:populateFiles {"uploadUrl":"https://upload-firebasehosting.googleapis.com/upload/sites/genconnect-580f2/versions/ca1a61350e55aaf5/files"}
[debug] [2025-05-14T00:46:57.728Z] [hosting][populate queue][FINAL] {"max":553,"min":553,"avg":553,"active":0,"complete":1,"success":1,"errored":0,"retried":0,"total":1,"elapsed":553}
[debug] [2025-05-14T00:46:57.728Z] [hosting] uploads queued: 0
[debug] [2025-05-14T00:46:57.728Z] [hosting][upload queue][FINAL] {"max":0,"min":9999999999,"avg":0,"active":0,"complete":0,"success":0,"errored":0,"retried":0,"total":0,"elapsed":1747183617728}
[info] i  hosting: upload complete 
[info] +  hosting[genconnect-580f2]: file upload complete 
[debug] [2025-05-14T00:46:57.729Z] [hosting] deploy completed after 583ms
[debug] [2025-05-14T00:46:57.729Z] [
  {
    "config": {
      "public": "out",
      "ignore": [
        "firebase.json",
        "**/.*",
        "**/node_modules/**"
      ],
      "rewrites": [
        {
          "source": "/api/**",
          "destination": "/api/index.html"
        }
      ],
      "site": "genconnect-580f2"
    },
    "version": "projects/256199258832/sites/genconnect-580f2/versions/ca1a61350e55aaf5"
  }
]
[info] i  hosting[genconnect-580f2]: finalizing version... 
[debug] [2025-05-14T00:46:57.731Z] Checked if tokens are valid: true, expires at: 1747186384953
[debug] [2025-05-14T00:46:57.731Z] Checked if tokens are valid: true, expires at: 1747186384953
[debug] [2025-05-14T00:46:57.731Z] >>> [apiv2][query] PATCH https://firebasehosting.googleapis.com/v1beta1/projects/-/sites/genconnect-580f2/versions/ca1a61350e55aaf5 updateMask=status%2Cconfig
[debug] [2025-05-14T00:46:57.731Z] >>> [apiv2][body] PATCH https://firebasehosting.googleapis.com/v1beta1/projects/-/sites/genconnect-580f2/versions/ca1a61350e55aaf5 {"status":"FINALIZED","config":{"rewrites":[{"glob":"/api/**","path":"/api/index.html"}]}}
[debug] [2025-05-14T00:46:58.407Z] <<< [apiv2][status] PATCH https://firebasehosting.googleapis.com/v1beta1/projects/-/sites/genconnect-580f2/versions/ca1a61350e55aaf5 200
[debug] [2025-05-14T00:46:58.407Z] <<< [apiv2][body] PATCH https://firebasehosting.googleapis.com/v1beta1/projects/-/sites/genconnect-580f2/versions/ca1a61350e55aaf5 {"name":"projects/256199258832/sites/genconnect-580f2/versions/ca1a61350e55aaf5","status":"FINALIZED","config":{"rewrites":[{"glob":"/api/**","path":"/api/index.html"}]},"labels":{"deployment-tool":"cli-firebase"},"createTime":"2025-05-14T00:46:56.469223Z","createUser":{"email":"tobye.prosser@yahoo.com"},"finalizeTime":"2025-05-14T00:46:58.349792Z","finalizeUser":{"email":"tobye.prosser@yahoo.com"}}
[debug] [2025-05-14T00:46:58.407Z] [hosting] finalized version for genconnect-580f2:[object Object]
[info] +  hosting[genconnect-580f2]: version finalized 
[info] i  hosting[genconnect-580f2]: releasing new version... 
[debug] [2025-05-14T00:46:58.408Z] Checked if tokens are valid: true, expires at: 1747186384953
[debug] [2025-05-14T00:46:58.408Z] Checked if tokens are valid: true, expires at: 1747186384953
[debug] [2025-05-14T00:46:58.408Z] >>> [apiv2][query] POST https://firebasehosting.googleapis.com/v1beta1/projects/-/sites/genconnect-580f2/channels/live/releases versionName=projects%2F256199258832%2Fsites%2Fgenconnect-580f2%2Fversions%2Fca1a61350e55aaf5
[debug] [2025-05-14T00:46:58.408Z] >>> [apiv2][body] POST https://firebasehosting.googleapis.com/v1beta1/projects/-/sites/genconnect-580f2/channels/live/releases {}
[debug] [2025-05-14T00:46:59.520Z] <<< [apiv2][status] POST https://firebasehosting.googleapis.com/v1beta1/projects/-/sites/genconnect-580f2/channels/live/releases 200
[debug] [2025-05-14T00:46:59.520Z] <<< [apiv2][body] POST https://firebasehosting.googleapis.com/v1beta1/projects/-/sites/genconnect-580f2/channels/live/releases {"name":"projects/256199258832/sites/genconnect-580f2/channels/live/releases/1747183618761000","version":{"name":"projects/256199258832/sites/genconnect-580f2/versions/ca1a61350e55aaf5","status":"FINALIZED","config":{"rewrites":[{"glob":"/api/**","path":"/api/index.html"}]},"labels":{"deployment-tool":"cli-firebase"},"createTime":"2025-05-14T00:46:56.469223Z","createUser":{"email":"tobye.prosser@yahoo.com","imageUrl":"https://lh3.googleusercontent.com/a/ACg8ocLMjWFA_YYkNpzQ_rcsA9dx22MI-dYvw_5A0o-sKcdm6zK08sA=mo"},"finalizeTime":"2025-05-14T00:46:58.349792Z","finalizeUser":{"email":"tobye.prosser@yahoo.com","imageUrl":"https://lh3.googleusercontent.com/a/ACg8ocLMjWFA_YYkNpzQ_rcsA9dx22MI-dYvw_5A0o-sKcdm6zK08sA=mo"}},"type":"DEPLOY","releaseTime":"2025-05-14T00:46:58.761Z","releaseUser":{"email":"tobye.prosser@yahoo.com","imageUrl":"https://lh3.googleusercontent.com/a/ACg8ocLMjWFA_YYkNpzQ_rcsA9dx22MI-dYvw_5A0o-sKcdm6zK08sA=mo"}}
[debug] [2025-05-14T00:46:59.521Z] [hosting] release: {"name":"projects/256199258832/sites/genconnect-580f2/channels/live/releases/1747183618761000","version":{"name":"projects/256199258832/sites/genconnect-580f2/versions/ca1a61350e55aaf5","status":"FINALIZED","config":{"rewrites":[{"glob":"/api/**","path":"/api/index.html"}]},"labels":{"deployment-tool":"cli-firebase"},"createTime":"2025-05-14T00:46:56.469223Z","createUser":{"email":"tobye.prosser@yahoo.com","imageUrl":"https://lh3.googleusercontent.com/a/ACg8ocLMjWFA_YYkNpzQ_rcsA9dx22MI-dYvw_5A0o-sKcdm6zK08sA=mo"},"finalizeTime":"2025-05-14T00:46:58.349792Z","finalizeUser":{"email":"tobye.prosser@yahoo.com","imageUrl":"https://lh3.googleusercontent.com/a/ACg8ocLMjWFA_YYkNpzQ_rcsA9dx22MI-dYvw_5A0o-sKcdm6zK08sA=mo"}},"type":"DEPLOY","releaseTime":"2025-05-14T00:46:58.761Z","releaseUser":{"email":"tobye.prosser@yahoo.com","imageUrl":"https://lh3.googleusercontent.com/a/ACg8ocLMjWFA_YYkNpzQ_rcsA9dx22MI-dYvw_5A0o-sKcdm6zK08sA=mo"}}
[info] +  hosting[genconnect-580f2]: release complete 
[info] 
[info] +  Deploy complete! 
[info] 
[info] Project Console: https://console.firebase.google.com/project/genconnect-580f2/overview
[info] Hosting URL: https://genconnect-580f2.web.app
